c:\users\axel piens\desktop\semester4\programming 4\exam_assignment\minigin\minigin\win32\debug\minigin.pch
c:\users\axel piens\desktop\semester4\programming 4\exam_assignment\minigin\minigin\win32\debug\minigin.pdb
c:\users\axel piens\desktop\semester4\programming 4\exam_assignment\minigin\minigin\win32\debug\minigin.idb
c:\users\axel piens\desktop\semester4\programming 4\exam_assignment\minigin\minigin\win32\debug\miniginpch.obj
c:\users\axel piens\desktop\semester4\programming 4\exam_assignment\minigin\minigin\win32\debug\transformcomponent.obj
c:\users\axel piens\desktop\semester4\programming 4\exam_assignment\minigin\minigin\win32\debug\texturecomponent.obj
c:\users\axel piens\desktop\semester4\programming 4\exam_assignment\minigin\minigin\win32\debug\texture2d.obj
c:\users\axel piens\desktop\semester4\programming 4\exam_assignment\minigin\minigin\win32\debug\textobject.obj
c:\users\axel piens\desktop\semester4\programming 4\exam_assignment\minigin\minigin\win32\debug\textcomponent.obj
c:\users\axel piens\desktop\semester4\programming 4\exam_assignment\minigin\minigin\win32\debug\spritecomponent.obj
c:\users\axel piens\desktop\semester4\programming 4\exam_assignment\minigin\minigin\win32\debug\scenemanager.obj
c:\users\axel piens\desktop\semester4\programming 4\exam_assignment\minigin\minigin\win32\debug\scene.obj
c:\users\axel piens\desktop\semester4\programming 4\exam_assignment\minigin\minigin\win32\debug\rigidbodycomponent.obj
c:\users\axel piens\desktop\semester4\programming 4\exam_assignment\minigin\minigin\win32\debug\resourcemanager.obj
c:\users\axel piens\desktop\semester4\programming 4\exam_assignment\minigin\minigin\win32\debug\renderer.obj
c:\users\axel piens\desktop\semester4\programming 4\exam_assignment\minigin\minigin\win32\debug\inputmanager.obj
c:\users\axel piens\desktop\semester4\programming 4\exam_assignment\minigin\minigin\win32\debug\gameobject.obj
c:\users\axel piens\desktop\semester4\programming 4\exam_assignment\minigin\minigin\win32\debug\font.obj
c:\users\axel piens\desktop\semester4\programming 4\exam_assignment\minigin\minigin\win32\debug\controlcomponent.obj
c:\users\axel piens\desktop\semester4\programming 4\exam_assignment\minigin\minigin\win32\debug\collision.obj
c:\users\axel piens\desktop\semester4\programming 4\exam_assignment\minigin\minigin\win32\debug\collidercomponent.obj
c:\users\axel piens\desktop\semester4\programming 4\exam_assignment\minigin\minigin\win32\debug\basecomponent.obj
c:\users\axel piens\desktop\semester4\programming 4\exam_assignment\minigin\win32\debug\minigin.lib
c:\users\axel piens\desktop\semester4\programming 4\exam_assignment\minigin\minigin\win32\debug\minigin.tlog\cl.command.1.tlog
c:\users\axel piens\desktop\semester4\programming 4\exam_assignment\minigin\minigin\win32\debug\minigin.tlog\cl.read.1.tlog
c:\users\axel piens\desktop\semester4\programming 4\exam_assignment\minigin\minigin\win32\debug\minigin.tlog\cl.write.1.tlog
c:\users\axel piens\desktop\semester4\programming 4\exam_assignment\minigin\minigin\win32\debug\minigin.tlog\lib-link.read.1.tlog
c:\users\axel piens\desktop\semester4\programming 4\exam_assignment\minigin\minigin\win32\debug\minigin.tlog\lib-link.write.1.tlog
c:\users\axel piens\desktop\semester4\programming 4\exam_assignment\minigin\minigin\win32\debug\minigin.tlog\lib.command.1.tlog
