c:\users\axel piens\desktop\semester4\programming 4\exam_assignment\minigin\minigin\x64\debug\minigin.pch
c:\users\axel piens\desktop\semester4\programming 4\exam_assignment\minigin\minigin\x64\debug\vc142.pdb
c:\users\axel piens\desktop\semester4\programming 4\exam_assignment\minigin\minigin\x64\debug\vc142.idb
c:\users\axel piens\desktop\semester4\programming 4\exam_assignment\minigin\minigin\x64\debug\miniginpch.obj
c:\users\axel piens\desktop\semester4\programming 4\exam_assignment\minigin\minigin\x64\debug\transformcomponent.obj
c:\users\axel piens\desktop\semester4\programming 4\exam_assignment\minigin\minigin\x64\debug\transform.obj
c:\users\axel piens\desktop\semester4\programming 4\exam_assignment\minigin\minigin\x64\debug\texturecomponent.obj
c:\users\axel piens\desktop\semester4\programming 4\exam_assignment\minigin\minigin\x64\debug\texture2d.obj
c:\users\axel piens\desktop\semester4\programming 4\exam_assignment\minigin\minigin\x64\debug\textobject.obj
c:\users\axel piens\desktop\semester4\programming 4\exam_assignment\minigin\minigin\x64\debug\textcomponent.obj
c:\users\axel piens\desktop\semester4\programming 4\exam_assignment\minigin\minigin\x64\debug\spritecomponent.obj
c:\users\axel piens\desktop\semester4\programming 4\exam_assignment\minigin\minigin\x64\debug\scenemanager.obj
c:\users\axel piens\desktop\semester4\programming 4\exam_assignment\minigin\minigin\x64\debug\scene.obj
c:\users\axel piens\desktop\semester4\programming 4\exam_assignment\minigin\minigin\x64\debug\resourcemanager.obj
c:\users\axel piens\desktop\semester4\programming 4\exam_assignment\minigin\minigin\x64\debug\renderer.obj
c:\users\axel piens\desktop\semester4\programming 4\exam_assignment\minigin\minigin\x64\debug\minigin.obj
c:\users\axel piens\desktop\semester4\programming 4\exam_assignment\minigin\minigin\x64\debug\main.obj
c:\users\axel piens\desktop\semester4\programming 4\exam_assignment\minigin\minigin\x64\debug\inputmanager.obj
c:\users\axel piens\desktop\semester4\programming 4\exam_assignment\minigin\minigin\x64\debug\gameobject.obj
c:\users\axel piens\desktop\semester4\programming 4\exam_assignment\minigin\minigin\x64\debug\font.obj
c:\users\axel piens\desktop\semester4\programming 4\exam_assignment\minigin\minigin\x64\debug\controlcomponent.obj
c:\users\axel piens\desktop\semester4\programming 4\exam_assignment\minigin\minigin\x64\debug\collision.obj
c:\users\axel piens\desktop\semester4\programming 4\exam_assignment\minigin\minigin\x64\debug\collidercomponent.obj
c:\users\axel piens\desktop\semester4\programming 4\exam_assignment\minigin\minigin\x64\debug\basecomponent.obj
c:\users\axel piens\desktop\semester4\programming 4\exam_assignment\minigin\minigin\x64\debug\rigidbodycomponent.obj
c:\users\axel piens\desktop\semester4\programming 4\exam_assignment\minigin\x64\debug\minigin.exe
c:\users\axel piens\desktop\semester4\programming 4\exam_assignment\minigin\x64\debug\minigin.ilk
c:\users\axel piens\desktop\semester4\programming 4\exam_assignment\minigin\x64\debug\minigin.pdb
c:\users\axel piens\desktop\semester4\programming 4\exam_assignment\minigin\x64\debug\minigin.lib
c:\users\axel piens\desktop\semester4\programming 4\exam_assignment\minigin\x64\debug\minigin.exp
c:\users\axel piens\desktop\semester4\programming 4\exam_assignment\minigin\minigin\x64\debug\minigin.tlog\cl.command.1.tlog
c:\users\axel piens\desktop\semester4\programming 4\exam_assignment\minigin\minigin\x64\debug\minigin.tlog\cl.read.1.tlog
c:\users\axel piens\desktop\semester4\programming 4\exam_assignment\minigin\minigin\x64\debug\minigin.tlog\cl.write.1.tlog
c:\users\axel piens\desktop\semester4\programming 4\exam_assignment\minigin\minigin\x64\debug\minigin.tlog\link.command.1.tlog
c:\users\axel piens\desktop\semester4\programming 4\exam_assignment\minigin\minigin\x64\debug\minigin.tlog\link.read.1.tlog
c:\users\axel piens\desktop\semester4\programming 4\exam_assignment\minigin\minigin\x64\debug\minigin.tlog\link.write.1.tlog
c:\users\axel piens\desktop\semester4\programming 4\exam_assignment\minigin\minigin\x64\debug\minigin.tlog\minigin.write.1u.tlog
