  ACommand.cpp
  BCommand.cpp
  CCommand.cpp
  ChangeSpriteComponent.cpp
  DCommand.cpp
  Digger.cpp
  ECommand.cpp
  EnemyAIComponent.cpp
  EnterCommand.cpp
  FCommand.cpp
  GCommand.cpp
  HCommand.cpp
  HighScoreScene.cpp
  ICommand.cpp
  JCommand.cpp
  JumpCommand.cpp
  KCommand.cpp
  LCommand.cpp
  LiveComponent.cpp
  Main.cpp
  Game.cpp
  MCommand.cpp
  MovementSpiderComponent.cpp
  MovingBagComponent.cpp
  NCommand.cpp
  OCommand.cpp
  Parser.cpp
  PCommand.cpp
  ProjectileComponent.cpp
  QCommand.cpp
  RCommand.cpp
  SCommand.cpp
  ScoreComponent.cpp
  ShootCommand.cpp
  ShootComponent.cpp
  SpiderSpawnComponent.cpp
  StateComponent.cpp
  SwitchingScenesComponent.cpp
  TCommand.cpp
  TrappedBubbleComponent.cpp
  TurnHobbinComponent.cpp
  UCommand.cpp
  VCommand.cpp
  WalkDownCommand.cpp
  WalkLeftCommand.cpp
  WalkRightCommand.cpp
  WalkUpCommand.cpp
  WCommand.cpp
  WinComponent.cpp
  XCommand.cpp
  YCommand.cpp
  ZCommand.cpp
  Game.vcxproj -> C:\Users\Axel Piens\Documents\GitHub\EngineProgramming4\Minigin\Debug\Game.exe
  0 File(s) copied
  0 File(s) copied
  0 File(s) copied
  0 File(s) copied
  0 File(s) copied
  File not found - x86*.lib
  0 File(s) copied
  0 File(s) copied
  0 File(s) copied
