c:\users\axel piens\documents\github\engineprogramming4\minigin\game\debug\game.pch
c:\users\axel piens\documents\github\engineprogramming4\minigin\game\debug\vc142.pdb
c:\users\axel piens\documents\github\engineprogramming4\minigin\game\debug\vc142.idb
c:\users\axel piens\documents\github\engineprogramming4\minigin\game\debug\changespritecomponent.obj
c:\users\axel piens\documents\github\engineprogramming4\minigin\game\debug\digger.obj
c:\users\axel piens\documents\github\engineprogramming4\minigin\game\debug\enemyaicomponent.obj
c:\users\axel piens\documents\github\engineprogramming4\minigin\game\debug\jumpcommand.obj
c:\users\axel piens\documents\github\engineprogramming4\minigin\game\debug\livecomponent.obj
c:\users\axel piens\documents\github\engineprogramming4\minigin\game\debug\main.obj
c:\users\axel piens\documents\github\engineprogramming4\minigin\game\debug\game.obj
c:\users\axel piens\documents\github\engineprogramming4\minigin\game\debug\parser.obj
c:\users\axel piens\documents\github\engineprogramming4\minigin\game\debug\projectilecomponent.obj
c:\users\axel piens\documents\github\engineprogramming4\minigin\game\debug\shootcommand.obj
c:\users\axel piens\documents\github\engineprogramming4\minigin\game\debug\statecomponent.obj
c:\users\axel piens\documents\github\engineprogramming4\minigin\game\debug\trappedbubblecomponent.obj
c:\users\axel piens\documents\github\engineprogramming4\minigin\game\debug\walkdowncommand.obj
c:\users\axel piens\documents\github\engineprogramming4\minigin\game\debug\walkleftcommand.obj
c:\users\axel piens\documents\github\engineprogramming4\minigin\game\debug\walkrightcommand.obj
c:\users\axel piens\documents\github\engineprogramming4\minigin\game\debug\walkupcommand.obj
c:\users\axel piens\documents\github\engineprogramming4\minigin\game\debug\acommand.obj
c:\users\axel piens\documents\github\engineprogramming4\minigin\game\debug\bcommand.obj
c:\users\axel piens\documents\github\engineprogramming4\minigin\game\debug\ccommand.obj
c:\users\axel piens\documents\github\engineprogramming4\minigin\game\debug\dcommand.obj
c:\users\axel piens\documents\github\engineprogramming4\minigin\game\debug\ecommand.obj
c:\users\axel piens\documents\github\engineprogramming4\minigin\game\debug\entercommand.obj
c:\users\axel piens\documents\github\engineprogramming4\minigin\game\debug\fcommand.obj
c:\users\axel piens\documents\github\engineprogramming4\minigin\game\debug\gcommand.obj
c:\users\axel piens\documents\github\engineprogramming4\minigin\game\debug\hcommand.obj
c:\users\axel piens\documents\github\engineprogramming4\minigin\game\debug\highscorescene.obj
c:\users\axel piens\documents\github\engineprogramming4\minigin\game\debug\icommand.obj
c:\users\axel piens\documents\github\engineprogramming4\minigin\game\debug\jcommand.obj
c:\users\axel piens\documents\github\engineprogramming4\minigin\game\debug\kcommand.obj
c:\users\axel piens\documents\github\engineprogramming4\minigin\game\debug\lcommand.obj
c:\users\axel piens\documents\github\engineprogramming4\minigin\game\debug\mcommand.obj
c:\users\axel piens\documents\github\engineprogramming4\minigin\game\debug\movementspidercomponent.obj
c:\users\axel piens\documents\github\engineprogramming4\minigin\game\debug\movingbagcomponent.obj
c:\users\axel piens\documents\github\engineprogramming4\minigin\game\debug\ncommand.obj
c:\users\axel piens\documents\github\engineprogramming4\minigin\game\debug\ocommand.obj
c:\users\axel piens\documents\github\engineprogramming4\minigin\game\debug\pcommand.obj
c:\users\axel piens\documents\github\engineprogramming4\minigin\game\debug\qcommand.obj
c:\users\axel piens\documents\github\engineprogramming4\minigin\game\debug\rcommand.obj
c:\users\axel piens\documents\github\engineprogramming4\minigin\game\debug\scommand.obj
c:\users\axel piens\documents\github\engineprogramming4\minigin\game\debug\scorecomponent.obj
c:\users\axel piens\documents\github\engineprogramming4\minigin\game\debug\shootcomponent.obj
c:\users\axel piens\documents\github\engineprogramming4\minigin\game\debug\spiderspawncomponent.obj
c:\users\axel piens\documents\github\engineprogramming4\minigin\game\debug\switchingscenescomponent.obj
c:\users\axel piens\documents\github\engineprogramming4\minigin\game\debug\tcommand.obj
c:\users\axel piens\documents\github\engineprogramming4\minigin\game\debug\turnhobbincomponent.obj
c:\users\axel piens\documents\github\engineprogramming4\minigin\game\debug\ucommand.obj
c:\users\axel piens\documents\github\engineprogramming4\minigin\game\debug\vcommand.obj
c:\users\axel piens\documents\github\engineprogramming4\minigin\game\debug\wcommand.obj
c:\users\axel piens\documents\github\engineprogramming4\minigin\game\debug\wincomponent.obj
c:\users\axel piens\documents\github\engineprogramming4\minigin\game\debug\xcommand.obj
c:\users\axel piens\documents\github\engineprogramming4\minigin\game\debug\ycommand.obj
c:\users\axel piens\documents\github\engineprogramming4\minigin\game\debug\zcommand.obj
c:\users\axel piens\documents\github\engineprogramming4\minigin\debug\game.exe
c:\users\axel piens\documents\github\engineprogramming4\minigin\debug\game.ilk
c:\users\axel piens\documents\github\engineprogramming4\minigin\debug\game.pdb
c:\users\axel piens\documents\github\engineprogramming4\minigin\game\debug\game.tlog\cl.command.1.tlog
c:\users\axel piens\documents\github\engineprogramming4\minigin\game\debug\game.tlog\cl.read.1.tlog
c:\users\axel piens\documents\github\engineprogramming4\minigin\game\debug\game.tlog\cl.write.1.tlog
c:\users\axel piens\documents\github\engineprogramming4\minigin\game\debug\game.tlog\link.command.1.tlog
c:\users\axel piens\documents\github\engineprogramming4\minigin\game\debug\game.tlog\link.read.1.tlog
c:\users\axel piens\documents\github\engineprogramming4\minigin\game\debug\game.tlog\link.write.1.tlog
