c:\users\axel piens\documents\github\engineprogramming4\minigin\minigin\win32\release\minigin.pdb
c:\users\axel piens\documents\github\engineprogramming4\minigin\minigin\win32\release\transformcomponent.obj
c:\users\axel piens\documents\github\engineprogramming4\minigin\minigin\win32\release\texturecomponent.obj
c:\users\axel piens\documents\github\engineprogramming4\minigin\minigin\win32\release\texture2d.obj
c:\users\axel piens\documents\github\engineprogramming4\minigin\minigin\win32\release\textobject.obj
c:\users\axel piens\documents\github\engineprogramming4\minigin\minigin\win32\release\textcomponent.obj
c:\users\axel piens\documents\github\engineprogramming4\minigin\minigin\win32\release\spritecomponent.obj
c:\users\axel piens\documents\github\engineprogramming4\minigin\minigin\win32\release\scenemanager.obj
c:\users\axel piens\documents\github\engineprogramming4\minigin\minigin\win32\release\scene.obj
c:\users\axel piens\documents\github\engineprogramming4\minigin\minigin\win32\release\rigidbodycomponent.obj
c:\users\axel piens\documents\github\engineprogramming4\minigin\minigin\win32\release\resourcemanager.obj
c:\users\axel piens\documents\github\engineprogramming4\minigin\minigin\win32\release\renderer.obj
c:\users\axel piens\documents\github\engineprogramming4\minigin\minigin\win32\release\miniginpch.obj
c:\users\axel piens\documents\github\engineprogramming4\minigin\minigin\win32\release\inputmanager.obj
c:\users\axel piens\documents\github\engineprogramming4\minigin\minigin\win32\release\gameobject.obj
c:\users\axel piens\documents\github\engineprogramming4\minigin\minigin\win32\release\font.obj
c:\users\axel piens\documents\github\engineprogramming4\minigin\minigin\win32\release\controlcomponent.obj
c:\users\axel piens\documents\github\engineprogramming4\minigin\minigin\win32\release\command.obj
c:\users\axel piens\documents\github\engineprogramming4\minigin\minigin\win32\release\collision.obj
c:\users\axel piens\documents\github\engineprogramming4\minigin\minigin\win32\release\collidercomponent.obj
c:\users\axel piens\documents\github\engineprogramming4\minigin\minigin\win32\release\basecomponent.obj
c:\users\axel piens\documents\github\engineprogramming4\minigin\win32\release\minigin.lib
c:\users\axel piens\documents\github\engineprogramming4\minigin\minigin\win32\release\minigin.tlog\cl.command.1.tlog
c:\users\axel piens\documents\github\engineprogramming4\minigin\minigin\win32\release\minigin.tlog\cl.read.1.tlog
c:\users\axel piens\documents\github\engineprogramming4\minigin\minigin\win32\release\minigin.tlog\cl.write.1.tlog
c:\users\axel piens\documents\github\engineprogramming4\minigin\minigin\win32\release\minigin.tlog\lib-link.read.1.tlog
c:\users\axel piens\documents\github\engineprogramming4\minigin\minigin\win32\release\minigin.tlog\lib-link.write.1.tlog
c:\users\axel piens\documents\github\engineprogramming4\minigin\minigin\win32\release\minigin.tlog\lib.command.1.tlog
