c:\users\axel piens\documents\github\engineprogramming4\minigin\game\release\vc142.pdb
c:\users\axel piens\documents\github\engineprogramming4\minigin\game\release\trappedbubblecomponent.obj
c:\users\axel piens\documents\github\engineprogramming4\minigin\game\release\statecomponent.obj
c:\users\axel piens\documents\github\engineprogramming4\minigin\game\release\projectilecomponent.obj
c:\users\axel piens\documents\github\engineprogramming4\minigin\game\release\parser.obj
c:\users\axel piens\documents\github\engineprogramming4\minigin\game\release\game.obj
c:\users\axel piens\documents\github\engineprogramming4\minigin\game\release\main.obj
c:\users\axel piens\documents\github\engineprogramming4\minigin\game\release\livecomponent.obj
c:\users\axel piens\documents\github\engineprogramming4\minigin\game\release\enemyaicomponent.obj
c:\users\axel piens\documents\github\engineprogramming4\minigin\game\release\digger.obj
c:\users\axel piens\documents\github\engineprogramming4\minigin\game\release\changespritecomponent.obj
c:\users\axel piens\documents\github\engineprogramming4\minigin\game\release\walkrightcommand.obj
c:\users\axel piens\documents\github\engineprogramming4\minigin\game\release\walkleftcommand.obj
c:\users\axel piens\documents\github\engineprogramming4\minigin\game\release\shootcommand.obj
c:\users\axel piens\documents\github\engineprogramming4\minigin\game\release\jumpcommand.obj
c:\users\axel piens\documents\github\engineprogramming4\minigin\release\game.ipdb
c:\users\axel piens\documents\github\engineprogramming4\minigin\release\game.iobj
c:\users\axel piens\documents\github\engineprogramming4\minigin\release\game.exe
c:\users\axel piens\documents\github\engineprogramming4\minigin\release\game.pdb
c:\users\axel piens\documents\github\engineprogramming4\minigin\game\release\game.tlog\cl.command.1.tlog
c:\users\axel piens\documents\github\engineprogramming4\minigin\game\release\game.tlog\cl.read.1.tlog
c:\users\axel piens\documents\github\engineprogramming4\minigin\game\release\game.tlog\cl.write.1.tlog
c:\users\axel piens\documents\github\engineprogramming4\minigin\game\release\game.tlog\game.write.1u.tlog
c:\users\axel piens\documents\github\engineprogramming4\minigin\game\release\game.tlog\link.command.1.tlog
c:\users\axel piens\documents\github\engineprogramming4\minigin\game\release\game.tlog\link.read.1.tlog
c:\users\axel piens\documents\github\engineprogramming4\minigin\game\release\game.tlog\link.write.1.tlog
