  Digger.cpp
C:\Users\Axel Piens\Documents\GitHub\EngineProgramming4\Minigin\Game\Digger.cpp(94,66): warning C4244: 'argument': conversion from 'int' to 'float', possible loss of data
C:\Users\Axel Piens\Documents\GitHub\EngineProgramming4\Minigin\Game\Digger.cpp(94,60): warning C4244: 'argument': conversion from 'int' to 'float', possible loss of data
C:\Users\Axel Piens\Documents\GitHub\EngineProgramming4\Minigin\Game\Digger.cpp(104,66): warning C4244: 'argument': conversion from 'int' to 'float', possible loss of data
C:\Users\Axel Piens\Documents\GitHub\EngineProgramming4\Minigin\Game\Digger.cpp(104,60): warning C4244: 'argument': conversion from 'int' to 'float', possible loss of data
C:\Users\Axel Piens\Documents\GitHub\EngineProgramming4\Minigin\Game\Digger.cpp(111,72): warning C4244: 'argument': conversion from 'int' to 'float', possible loss of data
C:\Users\Axel Piens\Documents\GitHub\EngineProgramming4\Minigin\Game\Digger.cpp(111,61): warning C4244: 'argument': conversion from 'int' to 'float', possible loss of data
C:\Users\Axel Piens\Documents\GitHub\EngineProgramming4\Minigin\Game\Digger.cpp(120,66): warning C4244: 'argument': conversion from 'int' to 'float', possible loss of data
C:\Users\Axel Piens\Documents\GitHub\EngineProgramming4\Minigin\Game\Digger.cpp(120,60): warning C4244: 'argument': conversion from 'int' to 'float', possible loss of data
C:\Users\Axel Piens\Documents\GitHub\EngineProgramming4\Minigin\Game\Digger.cpp(127,65): warning C4244: 'argument': conversion from 'int' to 'float', possible loss of data
C:\Users\Axel Piens\Documents\GitHub\EngineProgramming4\Minigin\Game\Digger.cpp(127,59): warning C4244: 'argument': conversion from 'int' to 'float', possible loss of data
C:\Users\Axel Piens\Documents\GitHub\EngineProgramming4\Minigin\Game\Digger.cpp(133,60): warning C4244: 'argument': conversion from 'int' to 'float', possible loss of data
C:\Users\Axel Piens\Documents\GitHub\EngineProgramming4\Minigin\Game\Digger.cpp(148,48): warning C4244: 'argument': conversion from 'float' to 'int', possible loss of data
C:\Users\Axel Piens\Documents\GitHub\EngineProgramming4\Minigin\Game\Digger.cpp(148,42): warning C4244: 'argument': conversion from 'float' to 'int', possible loss of data
  Game.vcxproj -> C:\Users\Axel Piens\Documents\GitHub\EngineProgramming4\Minigin\x64\Debug\Game.exe
  0 File(s) copied
  0 File(s) copied
  0 File(s) copied
  0 File(s) copied
  0 File(s) copied
  0 File(s) copied
  0 File(s) copied
  0 File(s) copied
