c:\users\axel piens\desktop\semester4\programming 4\exam_assignment\minigin\game\x64\release\vc142.pdb
c:\users\axel piens\desktop\semester4\programming 4\exam_assignment\minigin\game\x64\release\trappedbubblecomponent.obj
c:\users\axel piens\desktop\semester4\programming 4\exam_assignment\minigin\game\x64\release\projectilecomponent.obj
c:\users\axel piens\desktop\semester4\programming 4\exam_assignment\minigin\game\x64\release\parser.obj
c:\users\axel piens\desktop\semester4\programming 4\exam_assignment\minigin\game\x64\release\game.obj
c:\users\axel piens\desktop\semester4\programming 4\exam_assignment\minigin\game\x64\release\main.obj
c:\users\axel piens\desktop\semester4\programming 4\exam_assignment\minigin\game\x64\release\livecomponent.obj
c:\users\axel piens\desktop\semester4\programming 4\exam_assignment\minigin\game\x64\release\enemyaicomponent.obj
c:\users\axel piens\desktop\semester4\programming 4\exam_assignment\minigin\x64\release\game.ipdb
c:\users\axel piens\desktop\semester4\programming 4\exam_assignment\minigin\x64\release\game.iobj
c:\users\axel piens\desktop\semester4\programming 4\exam_assignment\minigin\x64\release\game.exe
c:\users\axel piens\desktop\semester4\programming 4\exam_assignment\minigin\x64\release\game.pdb
c:\users\axel piens\desktop\semester4\programming 4\exam_assignment\minigin\game\x64\release\game.pch
c:\users\axel piens\desktop\semester4\programming 4\exam_assignment\minigin\game\x64\release\game.tlog\cl.command.1.tlog
c:\users\axel piens\desktop\semester4\programming 4\exam_assignment\minigin\game\x64\release\game.tlog\cl.read.1.tlog
c:\users\axel piens\desktop\semester4\programming 4\exam_assignment\minigin\game\x64\release\game.tlog\cl.write.1.tlog
c:\users\axel piens\desktop\semester4\programming 4\exam_assignment\minigin\game\x64\release\game.tlog\game.write.1u.tlog
c:\users\axel piens\desktop\semester4\programming 4\exam_assignment\minigin\game\x64\release\game.tlog\link.command.1.tlog
c:\users\axel piens\desktop\semester4\programming 4\exam_assignment\minigin\game\x64\release\game.tlog\link.read.1.tlog
c:\users\axel piens\desktop\semester4\programming 4\exam_assignment\minigin\game\x64\release\game.tlog\link.write.1.tlog
