  Digger.cpp
C:\Users\Axel Piens\Documents\GitHub\EngineProgramming4\Minigin\Game\ChangeSpriteComponent.h(14,82): warning C4244: 'argument': conversion from 'float' to 'int', possible loss of data
C:\Users\Axel Piens\Documents\GitHub\EngineProgramming4\Minigin\Game\Digger.cpp(86,11): warning C4244: 'initializing': conversion from 'float' to 'int', possible loss of data
C:\Users\Axel Piens\Documents\GitHub\EngineProgramming4\Minigin\Game\Digger.cpp(107,66): warning C4244: 'argument': conversion from 'int' to 'float', possible loss of data
C:\Users\Axel Piens\Documents\GitHub\EngineProgramming4\Minigin\Game\Digger.cpp(107,60): warning C4244: 'argument': conversion from 'int' to 'float', possible loss of data
C:\Users\Axel Piens\Documents\GitHub\EngineProgramming4\Minigin\Game\Digger.cpp(117,66): warning C4244: 'argument': conversion from 'int' to 'float', possible loss of data
C:\Users\Axel Piens\Documents\GitHub\EngineProgramming4\Minigin\Game\Digger.cpp(117,60): warning C4244: 'argument': conversion from 'int' to 'float', possible loss of data
C:\Users\Axel Piens\Documents\GitHub\EngineProgramming4\Minigin\Game\Digger.cpp(126,66): warning C4244: 'argument': conversion from 'int' to 'float', possible loss of data
C:\Users\Axel Piens\Documents\GitHub\EngineProgramming4\Minigin\Game\Digger.cpp(126,60): warning C4244: 'argument': conversion from 'int' to 'float', possible loss of data
C:\Users\Axel Piens\Documents\GitHub\EngineProgramming4\Minigin\Game\Digger.cpp(137,66): warning C4244: 'argument': conversion from 'int' to 'float', possible loss of data
C:\Users\Axel Piens\Documents\GitHub\EngineProgramming4\Minigin\Game\Digger.cpp(137,60): warning C4244: 'argument': conversion from 'int' to 'float', possible loss of data
C:\Users\Axel Piens\Documents\GitHub\EngineProgramming4\Minigin\Game\Digger.cpp(145,11): warning C4244: '=': conversion from 'float' to 'int', possible loss of data
C:\Users\Axel Piens\Documents\GitHub\EngineProgramming4\Minigin\Game\Digger.cpp(148,10): warning C4244: '=': conversion from 'float' to 'int', possible loss of data
C:\Users\Axel Piens\Documents\GitHub\EngineProgramming4\Minigin\Game\Digger.cpp(160,72): warning C4244: 'argument': conversion from 'int' to 'float', possible loss of data
C:\Users\Axel Piens\Documents\GitHub\EngineProgramming4\Minigin\Game\Digger.cpp(160,61): warning C4244: 'argument': conversion from 'int' to 'float', possible loss of data
C:\Users\Axel Piens\Documents\GitHub\EngineProgramming4\Minigin\Game\Digger.cpp(173,65): warning C4244: 'argument': conversion from 'int' to 'float', possible loss of data
C:\Users\Axel Piens\Documents\GitHub\EngineProgramming4\Minigin\Game\Digger.cpp(173,59): warning C4244: 'argument': conversion from 'int' to 'float', possible loss of data
C:\Users\Axel Piens\Documents\GitHub\EngineProgramming4\Minigin\Game\Digger.cpp(179,60): warning C4244: 'argument': conversion from 'int' to 'float', possible loss of data
C:\Users\Axel Piens\Documents\GitHub\EngineProgramming4\Minigin\Game\Digger.cpp(185,11): warning C4244: '=': conversion from 'float' to 'int', possible loss of data
C:\Users\Axel Piens\Documents\GitHub\EngineProgramming4\Minigin\Game\Digger.cpp(206,52): warning C4244: 'argument': conversion from 'float' to 'int', possible loss of data
C:\Users\Axel Piens\Documents\GitHub\EngineProgramming4\Minigin\Game\Digger.cpp(206,46): warning C4244: 'argument': conversion from 'float' to 'int', possible loss of data
  ShootCommand.cpp
C:\Users\Axel Piens\Documents\GitHub\EngineProgramming4\Minigin\Game\ChangeSpriteComponent.h(14,82): warning C4244: 'argument': conversion from 'float' to 'int', possible loss of data
  SpiderSpawnComponent.cpp
C:\Users\Axel Piens\Documents\GitHub\EngineProgramming4\Minigin\Game\ChangeSpriteComponent.h(14,82): warning C4244: 'argument': conversion from 'float' to 'int', possible loss of data
  WalkLeftCommand.cpp
C:\Users\Axel Piens\Documents\GitHub\EngineProgramming4\Minigin\Game\WalkLeftCommand.cpp(22,17): warning C4244: '=': conversion from 'float' to 'int', possible loss of data
C:\Users\Axel Piens\Documents\GitHub\EngineProgramming4\Minigin\Game\WalkLeftCommand.cpp(23,17): warning C4244: '=': conversion from 'float' to 'int', possible loss of data
C:\Users\Axel Piens\Documents\GitHub\EngineProgramming4\Minigin\Game\WalkLeftCommand.cpp(55,81): warning C4244: '=': conversion from 'float' to 'int', possible loss of data
C:\Users\Axel Piens\Documents\GitHub\EngineProgramming4\Minigin\Game\WalkLeftCommand.cpp(56,81): warning C4244: '=': conversion from 'float' to 'int', possible loss of data
C:\Users\Axel Piens\Documents\GitHub\EngineProgramming4\Minigin\Game\WalkLeftCommand.cpp(69,106): warning C4244: 'argument': conversion from 'const int' to 'float', possible loss of data
C:\Users\Axel Piens\Documents\GitHub\EngineProgramming4\Minigin\Game\WalkLeftCommand.cpp(69,82): warning C4244: 'argument': conversion from 'int' to 'float', possible loss of data
  Generating code
  3 of 1288 functions ( 0.2%) were compiled, the rest were copied from previous compilation.
    0 functions were new in current compilation
    53 functions had inline decision re-evaluated but remain unchanged
  Finished generating code
  Game.vcxproj -> C:\Users\Axel Piens\Documents\GitHub\EngineProgramming4\Minigin\x64\Release\Game.exe
  0 File(s) copied
  Parse Error
  0 File(s) copied
  0 File(s) copied
  0 File(s) copied
